1670255791022	geckodriver	INFO	Listening on 127.0.0.1:34369
1670255791549	mozrunner::runner	INFO	Running command: "/usr/bin/firefox" "--marionette" "--remote-debugging-port" "34087" "--remote-allow-hosts" "localhost" "-no-remote" "-profile" "/tmp/rust_mozprofilee8tr4U"
ATTENTION: default value of option mesa_glthread overridden by environment.
ATTENTION: default value of option mesa_glthread overridden by environment.
ATTENTION: default value of option mesa_glthread overridden by environment.
1670255792733	Marionette	INFO	Marionette enabled
1670255792737	Marionette	INFO	Listening on port 40433
Read port: 40433
WebDriver BiDi listening on ws://127.0.0.1:34087
1670255792889	RemoteAgent	WARN	TLS certificate errors will be ignored for this session
console.warn: SearchSettings: "get: No settings file exists, new profile?" (new NotFoundError("Could not open the file at /tmp/rust_mozprofilee8tr4U/search.json.mozlz4", (void 0)))
JavaScript error: resource://gre/modules/TelemetryUtils.jsm, line 152: TypeError: date is undefined
DevTools listening on ws://127.0.0.1:34087/devtools/browser/75d0fbdc-b5da-4717-acf4-7ddc150b203e
JavaScript error: resource://gre/modules/URIFixup.sys.mjs, line 304: NS_ERROR_FAILURE: Should pass a non-null uri
1670255798538	Marionette	WARN	Ignoring event 'pageshow' because document has an invalid readyState of 'uninitialized'.
console.warn: LoginRecipes: "Falling back to a synchronous message for: moz-extension://93101554-e59e-4bca-9689-fb94f6460f9f."
console.warn: LoginRecipes: "Falling back to a synchronous message for: https://www.orbitxch.com."
1670255847227	Marionette	INFO	Stopped listening on port 40433
console.warn: TopSitesFeed: Failed to fetch data from Contile server: NetworkError when attempting to fetch resource.
1670255848013	geckodriver::marionette	ERROR	Failed to close browser connection: Socket not connected (os error 107)
1670256155944	geckodriver	INFO	Listening on 127.0.0.1:36245
1670256155949	mozrunner::runner	INFO	Running command: "/usr/bin/firefox" "--marionette" "--remote-debugging-port" "56207" "--remote-allow-hosts" "localhost" "-no-remote" "-profile" "/tmp/rust_mozprofilesvkSYX"
ATTENTION: default value of option mesa_glthread overridden by environment.
ATTENTION: default value of option mesa_glthread overridden by environment.
ATTENTION: default value of option mesa_glthread overridden by environment.
1670256156968	Marionette	INFO	Marionette enabled
1670256156971	Marionette	INFO	Listening on port 40509
WebDriver BiDi listening on ws://127.0.0.1:56207
Read port: 40509
1670256157201	RemoteAgent	WARN	TLS certificate errors will be ignored for this session
console.warn: SearchSettings: "get: No settings file exists, new profile?" (new NotFoundError("Could not open the file at /tmp/rust_mozprofilesvkSYX/search.json.mozlz4", (void 0)))
JavaScript error: resource://gre/modules/TelemetryUtils.jsm, line 152: TypeError: date is undefined
DevTools listening on ws://127.0.0.1:56207/devtools/browser/5763ad27-b30a-480c-81bf-ef7f0399fc47
JavaScript error: resource://gre/modules/URIFixup.sys.mjs, line 304: NS_ERROR_FAILURE: Should pass a non-null uri
1670256167902	Marionette	INFO	Stopped listening on port 40509
console.warn: TopSitesFeed: Failed to fetch data from Contile server: NetworkError when attempting to fetch resource.
Sandbox: Unexpected EOF, op 0 flags 00 path /proc/cpuinfo
1670256169257	geckodriver::marionette	ERROR	Failed to close browser connection: Socket not connected (os error 107)
1670256212716	geckodriver	INFO	Listening on 127.0.0.1:55469
1670256212720	mozrunner::runner	INFO	Running command: "/usr/bin/firefox" "--marionette" "--remote-debugging-port" "47141" "--remote-allow-hosts" "localhost" "-no-remote" "-profile" "/tmp/rust_mozprofile3RCLRc"
ATTENTION: default value of option mesa_glthread overridden by environment.
ATTENTION: default value of option mesa_glthread overridden by environment.
ATTENTION: default value of option mesa_glthread overridden by environment.
1670256213659	Marionette	INFO	Marionette enabled
1670256213663	Marionette	INFO	Listening on port 38619
Read port: 38619
WebDriver BiDi listening on ws://127.0.0.1:47141
1670256213762	RemoteAgent	WARN	TLS certificate errors will be ignored for this session
console.warn: SearchSettings: "get: No settings file exists, new profile?" (new NotFoundError("Could not open the file at /tmp/rust_mozprofile3RCLRc/search.json.mozlz4", (void 0)))
JavaScript error: resource://gre/modules/TelemetryUtils.jsm, line 152: TypeError: date is undefined
DevTools listening on ws://127.0.0.1:47141/devtools/browser/04a5eacb-9408-426d-97cb-d1f2549b7b0c
JavaScript error: resource://gre/modules/URIFixup.sys.mjs, line 304: NS_ERROR_FAILURE: Should pass a non-null uri
1670256218678	Marionette	WARN	Ignoring event 'pageshow' because document has an invalid readyState of 'uninitialized'.
console.warn: LoginRecipes: "Falling back to a synchronous message for: moz-extension://f4782def-d7a5-46d5-8d20-881a9a49b1f9."
console.warn: LoginRecipes: "Falling back to a synchronous message for: https://www.orbitxch.com."
1670256524898	Marionette	INFO	Stopped listening on port 38619
console.warn: TopSitesFeed: Failed to fetch data from Contile server: NetworkError when attempting to fetch resource.
Sandbox: Unexpected EOF, op 0 flags 00 path /proc/cpuinfo
1670256571293	geckodriver	INFO	Listening on 127.0.0.1:57659
1670256571309	mozrunner::runner	INFO	Running command: "/usr/bin/firefox" "--marionette" "--remote-debugging-port" "58863" "--remote-allow-hosts" "localhost" "-no-remote" "-profile" "/tmp/rust_mozprofileBz7imu"
ATTENTION: default value of option mesa_glthread overridden by environment.
ATTENTION: default value of option mesa_glthread overridden by environment.
ATTENTION: default value of option mesa_glthread overridden by environment.
1670256572268	Marionette	INFO	Marionette enabled
1670256572271	Marionette	INFO	Listening on port 45073
Read port: 45073
WebDriver BiDi listening on ws://127.0.0.1:58863
1670256572372	RemoteAgent	WARN	TLS certificate errors will be ignored for this session
console.warn: SearchSettings: "get: No settings file exists, new profile?" (new NotFoundError("Could not open the file at /tmp/rust_mozprofileBz7imu/search.json.mozlz4", (void 0)))
JavaScript error: resource://gre/modules/TelemetryUtils.jsm, line 152: TypeError: date is undefined
DevTools listening on ws://127.0.0.1:58863/devtools/browser/62a0b0a7-dffd-4a4a-b65b-96f08ae1f57f
JavaScript error: resource://gre/modules/URIFixup.sys.mjs, line 304: NS_ERROR_FAILURE: Should pass a non-null uri
1670256579253	Marionette	INFO	Stopped listening on port 45073
console.warn: TopSitesFeed: Failed to fetch data from Contile server: NetworkError when attempting to fetch resource.
1670256583274	geckodriver	INFO	Listening on 127.0.0.1:56047
1670256583279	mozrunner::runner	INFO	Running command: "/usr/bin/firefox" "--marionette" "--remote-debugging-port" "51219" "--remote-allow-hosts" "localhost" "-no-remote" "-profile" "/tmp/rust_mozprofilejdupcg"
ATTENTION: default value of option mesa_glthread overridden by environment.
ATTENTION: default value of option mesa_glthread overridden by environment.
ATTENTION: default value of option mesa_glthread overridden by environment.
1670256584274	Marionette	INFO	Marionette enabled
1670256584279	Marionette	INFO	Listening on port 33153
Read port: 33153
WebDriver BiDi listening on ws://127.0.0.1:51219
1670256584398	RemoteAgent	WARN	TLS certificate errors will be ignored for this session
console.warn: SearchSettings: "get: No settings file exists, new profile?" (new NotFoundError("Could not open the file at /tmp/rust_mozprofilejdupcg/search.json.mozlz4", (void 0)))
JavaScript error: resource://gre/modules/TelemetryUtils.jsm, line 152: TypeError: date is undefined
DevTools listening on ws://127.0.0.1:51219/devtools/browser/3a0f9439-0fcb-404a-b520-315290438b69
JavaScript error: resource://gre/modules/URIFixup.sys.mjs, line 304: NS_ERROR_FAILURE: Should pass a non-null uri
1670256589282	Marionette	WARN	Ignoring event 'pageshow' because document has an invalid readyState of 'uninitialized'.
console.warn: LoginRecipes: "Falling back to a synchronous message for: moz-extension://56f00dd1-0a3f-4eef-89d2-7f0d2ca1fe41."
console.warn: LoginRecipes: "Falling back to a synchronous message for: https://www.orbitxch.com."
1670256762186	geckodriver	INFO	Listening on 127.0.0.1:48657
1670256762191	mozrunner::runner	INFO	Running command: "/usr/bin/firefox" "--marionette" "--remote-debugging-port" "51083" "--remote-allow-hosts" "localhost" "-no-remote" "-profile" "/tmp/rust_mozprofilenu9TCW"
ATTENTION: default value of option mesa_glthread overridden by environment.
ATTENTION: default value of option mesa_glthread overridden by environment.
ATTENTION: default value of option mesa_glthread overridden by environment.
1670256763145	Marionette	INFO	Marionette enabled
1670256763148	Marionette	INFO	Listening on port 38347
Read port: 38347
WebDriver BiDi listening on ws://127.0.0.1:51083
1670256763252	RemoteAgent	WARN	TLS certificate errors will be ignored for this session
console.warn: SearchSettings: "get: No settings file exists, new profile?" (new NotFoundError("Could not open the file at /tmp/rust_mozprofilenu9TCW/search.json.mozlz4", (void 0)))
JavaScript error: resource://gre/modules/TelemetryUtils.jsm, line 152: TypeError: date is undefined
DevTools listening on ws://127.0.0.1:51083/devtools/browser/9e1cec66-9c73-45a4-a92d-aaaac235e4a7
JavaScript error: resource://gre/modules/URIFixup.sys.mjs, line 304: NS_ERROR_FAILURE: Should pass a non-null uri
1670256768043	Marionette	WARN	Ignoring event 'pageshow' because document has an invalid readyState of 'uninitialized'.
console.warn: LoginRecipes: "Falling back to a synchronous message for: moz-extension://e4276719-be19-4403-9a18-c2215c06a904."
JavaScript error: , line 0: TypeError: can't access dead object
console.warn: LoginRecipes: "Falling back to a synchronous message for: https://www.orbitxch.com."
1670256877438	geckodriver	INFO	Listening on 127.0.0.1:40757
1670256877443	mozrunner::runner	INFO	Running command: "/usr/bin/firefox" "--marionette" "--remote-debugging-port" "35735" "--remote-allow-hosts" "localhost" "-no-remote" "-profile" "/tmp/rust_mozprofileIUggUw"
ATTENTION: default value of option mesa_glthread overridden by environment.
ATTENTION: default value of option mesa_glthread overridden by environment.
ATTENTION: default value of option mesa_glthread overridden by environment.
1670256878337	Marionette	INFO	Marionette enabled
1670256878341	Marionette	INFO	Listening on port 42209
Read port: 42209
WebDriver BiDi listening on ws://127.0.0.1:35735
1670256878452	RemoteAgent	WARN	TLS certificate errors will be ignored for this session
console.warn: SearchSettings: "get: No settings file exists, new profile?" (new NotFoundError("Could not open the file at /tmp/rust_mozprofileIUggUw/search.json.mozlz4", (void 0)))
JavaScript error: resource://gre/modules/TelemetryUtils.jsm, line 152: TypeError: date is undefined
DevTools listening on ws://127.0.0.1:35735/devtools/browser/155295a7-3a8d-4ce0-b739-71aabf9180a7
1670256881131	Marionette	INFO	Stopped listening on port 33153
console.warn: TopSitesFeed: Failed to fetch data from Contile server: NetworkError when attempting to fetch resource.
JavaScript error: resource://gre/modules/URIFixup.sys.mjs, line 304: NS_ERROR_FAILURE: Should pass a non-null uri
1670256882344	Marionette	INFO	Stopped listening on port 38347
console.warn: TopSitesFeed: Failed to fetch data from Contile server: NetworkError when attempting to fetch resource.
Sandbox: Unexpected EOF, op 0 flags 00 path /proc/cpuinfo
1670256884001	Marionette	WARN	Ignoring event 'pageshow' because document has an invalid readyState of 'uninitialized'.
console.warn: LoginRecipes: "Falling back to a synchronous message for: moz-extension://ec167d61-893a-4d95-95d1-4ce789afcfa6."
console.warn: LoginRecipes: "Falling back to a synchronous message for: https://www.orbitxch.com."
1670256977289	Marionette	INFO	Stopped listening on port 42209
1670257006970	geckodriver	INFO	Listening on 127.0.0.1:42887
1670257006974	mozrunner::runner	INFO	Running command: "/usr/bin/firefox" "--marionette" "--remote-debugging-port" "44389" "--remote-allow-hosts" "localhost" "-no-remote" "-profile" "/tmp/rust_mozprofileXelNC2"
ATTENTION: default value of option mesa_glthread overridden by environment.
ATTENTION: default value of option mesa_glthread overridden by environment.
ATTENTION: default value of option mesa_glthread overridden by environment.
1670257007916	Marionette	INFO	Marionette enabled
1670257007920	Marionette	INFO	Listening on port 46677
Read port: 46677
WebDriver BiDi listening on ws://127.0.0.1:44389
1670257008018	RemoteAgent	WARN	TLS certificate errors will be ignored for this session
console.warn: SearchSettings: "get: No settings file exists, new profile?" (new NotFoundError("Could not open the file at /tmp/rust_mozprofileXelNC2/search.json.mozlz4", (void 0)))
JavaScript error: resource://gre/modules/TelemetryUtils.jsm, line 152: TypeError: date is undefined
DevTools listening on ws://127.0.0.1:44389/devtools/browser/731c4373-930b-47cd-8bdb-c0453bcdf65f
JavaScript error: resource://devtools/client/jsonview/Sniffer.sys.mjs, line 50: NS_ERROR_NOT_AVAILABLE: Component returned failure code: 0x80040111 (NS_ERROR_NOT_AVAILABLE) [nsIChannel.contentType]
JavaScript error: resource://gre/modules/URIFixup.sys.mjs, line 304: NS_ERROR_FAILURE: Should pass a non-null uri
1670257013213	Marionette	WARN	Ignoring event 'pageshow' because document has an invalid readyState of 'uninitialized'.
console.warn: LoginRecipes: "Falling back to a synchronous message for: moz-extension://7e2976a6-c1ec-41ea-a3a4-4b3dabbc518f."
console.warn: LoginRecipes: "Falling back to a synchronous message for: https://www.orbitxch.com."
1670257148606	Marionette	INFO	Stopped listening on port 46677
console.warn: TopSitesFeed: Failed to fetch data from Contile server: NetworkError when attempting to fetch resource.
1670257159152	geckodriver	INFO	Listening on 127.0.0.1:48499
1670257159156	mozrunner::runner	INFO	Running command: "/usr/bin/firefox" "--marionette" "--remote-debugging-port" "55023" "--remote-allow-hosts" "localhost" "-no-remote" "-profile" "/tmp/rust_mozprofilexxrEoH"
ATTENTION: default value of option mesa_glthread overridden by environment.
ATTENTION: default value of option mesa_glthread overridden by environment.
ATTENTION: default value of option mesa_glthread overridden by environment.
1670257160114	Marionette	INFO	Marionette enabled
1670257160118	Marionette	INFO	Listening on port 34805
Read port: 34805
WebDriver BiDi listening on ws://127.0.0.1:55023
1670257160217	RemoteAgent	WARN	TLS certificate errors will be ignored for this session
console.warn: SearchSettings: "get: No settings file exists, new profile?" (new NotFoundError("Could not open the file at /tmp/rust_mozprofilexxrEoH/search.json.mozlz4", (void 0)))
JavaScript error: resource://gre/modules/TelemetryUtils.jsm, line 152: TypeError: date is undefined
DevTools listening on ws://127.0.0.1:55023/devtools/browser/39eb905d-1f68-4b53-aec3-450a650b54e9
JavaScript error: resource://gre/modules/URIFixup.sys.mjs, line 304: NS_ERROR_FAILURE: Should pass a non-null uri
1670257165860	Marionette	WARN	Ignoring event 'pageshow' because document has an invalid readyState of 'uninitialized'.
console.warn: LoginRecipes: "Falling back to a synchronous message for: moz-extension://8c35fdc2-d2dc-4e4e-b0a7-648fb550594e."
console.warn: LoginRecipes: "Falling back to a synchronous message for: https://www.orbitxch.com."
1670257390811	Marionette	INFO	Stopped listening on port 34805
console.warn: TopSitesFeed: Failed to fetch data from Contile server: NetworkError when attempting to fetch resource.
1670257392096	geckodriver	INFO	Listening on 127.0.0.1:59443
1670257392101	mozrunner::runner	INFO	Running command: "/usr/bin/firefox" "--marionette" "--remote-debugging-port" "47101" "--remote-allow-hosts" "localhost" "-no-remote" "-profile" "/tmp/rust_mozprofileFqGz6H"
ATTENTION: default value of option mesa_glthread overridden by environment.
ATTENTION: default value of option mesa_glthread overridden by environment.
ATTENTION: default value of option mesa_glthread overridden by environment.
1670257393031	Marionette	INFO	Marionette enabled
1670257393035	Marionette	INFO	Listening on port 36959
Read port: 36959
WebDriver BiDi listening on ws://127.0.0.1:47101
1670257393195	RemoteAgent	WARN	TLS certificate errors will be ignored for this session
console.warn: SearchSettings: "get: No settings file exists, new profile?" (new NotFoundError("Could not open the file at /tmp/rust_mozprofileFqGz6H/search.json.mozlz4", (void 0)))
JavaScript error: resource://gre/modules/TelemetryUtils.jsm, line 152: TypeError: date is undefined
DevTools listening on ws://127.0.0.1:47101/devtools/browser/07534298-4d16-4759-aa67-0f73a3257d1a
JavaScript error: resource://gre/modules/URIFixup.sys.mjs, line 304: NS_ERROR_FAILURE: Should pass a non-null uri
1670257420221	Marionette	WARN	Ignoring event 'pageshow' because document has an invalid readyState of 'uninitialized'.
console.warn: LoginRecipes: "Falling back to a synchronous message for: moz-extension://25a1aa82-c8dd-4ea8-90df-5a1483ca10ff."
console.warn: LoginRecipes: "Falling back to a synchronous message for: https://www.orbitxch.com."
1670257446856	Marionette	WARN	TimedPromise timed out after 500 ms: stacktrace:
TimedPromise/<@chrome://remote/content/marionette/sync.sys.mjs:220:24
TimedPromise@chrome://remote/content/marionette/sync.sys.mjs:205:10
interaction.flushEventLoop@chrome://remote/content/marionette/interaction.sys.mjs:425:10
webdriverClickElement@chrome://remote/content/marionette/interaction.sys.mjs:173:31
console.error: (new TypeError("currentNode is null", "resource://devtools/client/inspector/shared/style-change-tracker.js", 66))
TypeError: currentNode is null: canMutationImpactCurrentStyles@resource://devtools/client/inspector/shared/style-change-tracker.js:66:20
onMutations@resource://devtools/client/inspector/shared/style-change-tracker.js:84:41
_emit@resource://devtools/shared/event-emitter.js:242:32
emit@resource://devtools/shared/event-emitter.js:186:18
emit@resource://devtools/shared/event-emitter.js:330:18
getMutations@resource://devtools/client/fronts/walker.js:313:10

console.error: (new TypeError("currentNode is null", "resource://devtools/client/inspector/shared/style-change-tracker.js", 66))
TypeError: currentNode is null: canMutationImpactCurrentStyles@resource://devtools/client/inspector/shared/style-change-tracker.js:66:20
onMutations@resource://devtools/client/inspector/shared/style-change-tracker.js:84:41
_emit@resource://devtools/shared/event-emitter.js:242:32
emit@resource://devtools/shared/event-emitter.js:186:18
emit@resource://devtools/shared/event-emitter.js:330:18
getMutations@resource://devtools/client/fronts/walker.js:313:10

console.error: (new TypeError("currentNode is null", "resource://devtools/client/inspector/shared/style-change-tracker.js", 66))
TypeError: currentNode is null: canMutationImpactCurrentStyles@resource://devtools/client/inspector/shared/style-change-tracker.js:66:20
onMutations@resource://devtools/client/inspector/shared/style-change-tracker.js:84:41
_emit@resource://devtools/shared/event-emitter.js:242:32
emit@resource://devtools/shared/event-emitter.js:186:18
emit@resource://devtools/shared/event-emitter.js:330:18
getMutations@resource://devtools/client/fronts/walker.js:313:10

JavaScript error: resource://gre/modules/AsyncShutdown.jsm, line 574: NotFoundError: No such JSWindowActor 'DevToolsFrame'
1670257850125	Marionette	INFO	Stopped listening on port 36959
Sandbox: Unexpected EOF, op 0 flags 00 path /proc/cpuinfo
1670257851558	geckodriver	INFO	Listening on 127.0.0.1:54619
1670257851563	mozrunner::runner	INFO	Running command: "/usr/bin/firefox" "--marionette" "--remote-debugging-port" "50015" "--remote-allow-hosts" "localhost" "-no-remote" "-profile" "/tmp/rust_mozprofileD7hMOH"
ATTENTION: default value of option mesa_glthread overridden by environment.
ATTENTION: default value of option mesa_glthread overridden by environment.
ATTENTION: default value of option mesa_glthread overridden by environment.
1670257852508	Marionette	INFO	Marionette enabled
1670257852511	Marionette	INFO	Listening on port 43241
Read port: 43241
WebDriver BiDi listening on ws://127.0.0.1:50015
1670257852605	RemoteAgent	WARN	TLS certificate errors will be ignored for this session
console.warn: SearchSettings: "get: No settings file exists, new profile?" (new NotFoundError("Could not open the file at /tmp/rust_mozprofileD7hMOH/search.json.mozlz4", (void 0)))
JavaScript error: resource://gre/modules/TelemetryUtils.jsm, line 152: TypeError: date is undefined
DevTools listening on ws://127.0.0.1:50015/devtools/browser/1097e145-3ef0-4017-9803-b501f287ad44
JavaScript error: resource://gre/modules/URIFixup.sys.mjs, line 304: NS_ERROR_FAILURE: Should pass a non-null uri
1670257858725	Marionette	WARN	Ignoring event 'pageshow' because document has an invalid readyState of 'uninitialized'.
console.warn: LoginRecipes: "Falling back to a synchronous message for: moz-extension://64edc6fc-9214-43ca-a6a7-7b448afe0d81."
console.warn: LoginRecipes: "Falling back to a synchronous message for: https://www.orbitxch.com."
Exiting due to channel error.
Exiting due to channel error.
Exiting due to channel error.
Exiting due to channel error.
1670258274662	geckodriver	INFO	Listening on 127.0.0.1:39933
1670258274667	mozrunner::runner	INFO	Running command: "/usr/bin/firefox" "--marionette" "--remote-debugging-port" "36437" "--remote-allow-hosts" "localhost" "-no-remote" "-profile" "/tmp/rust_mozprofileUD0Zk0"
ATTENTION: default value of option mesa_glthread overridden by environment.
ATTENTION: default value of option mesa_glthread overridden by environment.
ATTENTION: default value of option mesa_glthread overridden by environment.
1670258275568	Marionette	INFO	Marionette enabled
1670258275571	Marionette	INFO	Listening on port 33755
WebDriver BiDi listening on ws://127.0.0.1:36437
Read port: 33755
1670258275940	RemoteAgent	WARN	TLS certificate errors will be ignored for this session
console.warn: SearchSettings: "get: No settings file exists, new profile?" (new NotFoundError("Could not open the file at /tmp/rust_mozprofileUD0Zk0/search.json.mozlz4", (void 0)))
JavaScript error: resource://gre/modules/TelemetryUtils.jsm, line 152: TypeError: date is undefined
DevTools listening on ws://127.0.0.1:36437/devtools/browser/9d321424-e1f9-450c-9482-eb87523a283f
JavaScript error: resource://gre/modules/URIFixup.sys.mjs, line 304: NS_ERROR_FAILURE: Should pass a non-null uri
1670258281623	Marionette	WARN	Ignoring event 'pageshow' because document has an invalid readyState of 'uninitialized'.
console.warn: LoginRecipes: "Falling back to a synchronous message for: moz-extension://2bdfc90c-1dab-4623-b827-0e598e3b5934."
console.warn: LoginRecipes: "Falling back to a synchronous message for: https://www.orbitxch.com."
1670258537501	Marionette	INFO	Stopped listening on port 33755
console.warn: TopSitesFeed: Failed to fetch data from Contile server: NetworkError when attempting to fetch resource.
Sandbox: Unexpected EOF, op 0 flags 00 path /proc/cpuinfo
1670258539101	geckodriver	INFO	Listening on 127.0.0.1:59651
1670258539105	mozrunner::runner	INFO	Running command: "/usr/bin/firefox" "--marionette" "--remote-debugging-port" "36033" "--remote-allow-hosts" "localhost" "-no-remote" "-profile" "/tmp/rust_mozprofile4JIG6h"
ATTENTION: default value of option mesa_glthread overridden by environment.
ATTENTION: default value of option mesa_glthread overridden by environment.
ATTENTION: default value of option mesa_glthread overridden by environment.
1670258539969	Marionette	INFO	Marionette enabled
1670258539973	Marionette	INFO	Listening on port 35191
Read port: 35191
WebDriver BiDi listening on ws://127.0.0.1:36033
1670258540071	RemoteAgent	WARN	TLS certificate errors will be ignored for this session
console.warn: SearchSettings: "get: No settings file exists, new profile?" (new NotFoundError("Could not open the file at /tmp/rust_mozprofile4JIG6h/search.json.mozlz4", (void 0)))
JavaScript error: resource://gre/modules/TelemetryUtils.jsm, line 152: TypeError: date is undefined
DevTools listening on ws://127.0.0.1:36033/devtools/browser/6cdee8d0-ce27-4f6c-82a5-1e61f3be6885
JavaScript error: resource://gre/modules/URIFixup.sys.mjs, line 304: NS_ERROR_FAILURE: Should pass a non-null uri
1670258545826	Marionette	WARN	Ignoring event 'pageshow' because document has an invalid readyState of 'uninitialized'.
console.warn: LoginRecipes: "Falling back to a synchronous message for: moz-extension://cfe24c70-f69d-46eb-9360-7049ccabf707."
console.warn: LoginRecipes: "Falling back to a synchronous message for: https://www.orbitxch.com."
1670259025101	Marionette	INFO	Stopped listening on port 35191
console.warn: TopSitesFeed: Failed to fetch data from Contile server: NetworkError when attempting to fetch resource.
1670259066138	geckodriver	INFO	Listening on 127.0.0.1:37057
1670259066143	mozrunner::runner	INFO	Running command: "/usr/bin/firefox" "--marionette" "--remote-debugging-port" "52677" "--remote-allow-hosts" "localhost" "-no-remote" "-profile" "/tmp/rust_mozprofileGHtwlV"
ATTENTION: default value of option mesa_glthread overridden by environment.
ATTENTION: default value of option mesa_glthread overridden by environment.
ATTENTION: default value of option mesa_glthread overridden by environment.
1670259067099	Marionette	INFO	Marionette enabled
1670259067102	Marionette	INFO	Listening on port 44393
Read port: 44393
WebDriver BiDi listening on ws://127.0.0.1:52677
1670259067199	RemoteAgent	WARN	TLS certificate errors will be ignored for this session
console.warn: SearchSettings: "get: No settings file exists, new profile?" (new NotFoundError("Could not open the file at /tmp/rust_mozprofileGHtwlV/search.json.mozlz4", (void 0)))
JavaScript error: resource://gre/modules/TelemetryUtils.jsm, line 152: TypeError: date is undefined
DevTools listening on ws://127.0.0.1:52677/devtools/browser/4feff63e-e12b-47b8-84c4-0abe5ecb7cb8
JavaScript error: resource://gre/modules/URIFixup.sys.mjs, line 304: NS_ERROR_FAILURE: Should pass a non-null uri
1670259072422	Marionette	WARN	Ignoring event 'pageshow' because document has an invalid readyState of 'uninitialized'.
console.warn: LoginRecipes: "Falling back to a synchronous message for: moz-extension://5a951117-f051-4cfb-a3fd-02bf6b58902f."
console.warn: LoginRecipes: "Falling back to a synchronous message for: https://www.orbitxch.com."
1670259178702	geckodriver	INFO	Listening on 127.0.0.1:54197
1670259178707	mozrunner::runner	INFO	Running command: "/usr/bin/firefox" "--marionette" "--remote-debugging-port" "60711" "--remote-allow-hosts" "localhost" "-no-remote" "-profile" "/tmp/rust_mozprofile1Y4Ise"
ATTENTION: default value of option mesa_glthread overridden by environment.
ATTENTION: default value of option mesa_glthread overridden by environment.
ATTENTION: default value of option mesa_glthread overridden by environment.
1670259179642	Marionette	INFO	Marionette enabled
1670259179645	Marionette	INFO	Listening on port 45385
Read port: 45385
WebDriver BiDi listening on ws://127.0.0.1:60711
1670259179834	RemoteAgent	WARN	TLS certificate errors will be ignored for this session
console.warn: SearchSettings: "get: No settings file exists, new profile?" (new NotFoundError("Could not open the file at /tmp/rust_mozprofile1Y4Ise/search.json.mozlz4", (void 0)))
JavaScript error: resource://gre/modules/TelemetryUtils.jsm, line 152: TypeError: date is undefined
DevTools listening on ws://127.0.0.1:60711/devtools/browser/794883ae-56c8-43eb-aabf-7db967b463f1
JavaScript error: resource://gre/modules/URIFixup.sys.mjs, line 304: NS_ERROR_FAILURE: Should pass a non-null uri
1670259183709	Marionette	INFO	Stopped listening on port 44393
console.warn: TopSitesFeed: Failed to fetch data from Contile server: NetworkError when attempting to fetch resource.
Sandbox: Unexpected EOF, op 0 flags 00 path /proc/cpuinfo
1670259185220	Marionette	WARN	Ignoring event 'pageshow' because document has an invalid readyState of 'uninitialized'.
console.warn: LoginRecipes: "Falling back to a synchronous message for: moz-extension://bbffbc9f-eddd-4886-b7d9-475b8ffed51a."
console.warn: LoginRecipes: "Falling back to a synchronous message for: https://www.orbitxch.com."
1670259437838	geckodriver	INFO	Listening on 127.0.0.1:49697
1670259437843	mozrunner::runner	INFO	Running command: "/usr/bin/firefox" "--marionette" "--remote-debugging-port" "40121" "--remote-allow-hosts" "localhost" "-no-remote" "-profile" "/tmp/rust_mozprofile6YgVRs"
ATTENTION: default value of option mesa_glthread overridden by environment.
ATTENTION: default value of option mesa_glthread overridden by environment.
ATTENTION: default value of option mesa_glthread overridden by environment.
1670259438770	Marionette	INFO	Marionette enabled
1670259438773	Marionette	INFO	Listening on port 37715
Read port: 37715
WebDriver BiDi listening on ws://127.0.0.1:40121
1670259438924	RemoteAgent	WARN	TLS certificate errors will be ignored for this session
console.warn: SearchSettings: "get: No settings file exists, new profile?" (new NotFoundError("Could not open the file at /tmp/rust_mozprofile6YgVRs/search.json.mozlz4", (void 0)))
JavaScript error: resource://gre/modules/TelemetryUtils.jsm, line 152: TypeError: date is undefined
1670259439932	Marionette	INFO	Stopped listening on port 45385
console.warn: TopSitesFeed: Failed to fetch data from Contile server: NetworkError when attempting to fetch resource.
Sandbox: Unexpected EOF, op 0 flags 00 path /proc/cpuinfo
DevTools listening on ws://127.0.0.1:40121/devtools/browser/0908826d-290a-49a2-a8d5-8468c0b2497b
JavaScript error: resource://gre/modules/URIFixup.sys.mjs, line 304: NS_ERROR_FAILURE: Should pass a non-null uri
1670259445536	Marionette	WARN	Ignoring event 'pageshow' because document has an invalid readyState of 'uninitialized'.
console.warn: LoginRecipes: "Falling back to a synchronous message for: moz-extension://d9534e80-3d45-45af-9f0e-0388d5a49fe7."
console.warn: LoginRecipes: "Falling back to a synchronous message for: https://www.orbitxch.com."
1670259551949	geckodriver	INFO	Listening on 127.0.0.1:38337
1670259551954	mozrunner::runner	INFO	Running command: "/usr/bin/firefox" "--marionette" "--remote-debugging-port" "46009" "--remote-allow-hosts" "localhost" "-no-remote" "-profile" "/tmp/rust_mozprofileZn9cJK"
ATTENTION: default value of option mesa_glthread overridden by environment.
ATTENTION: default value of option mesa_glthread overridden by environment.
ATTENTION: default value of option mesa_glthread overridden by environment.
1670259552963	Marionette	INFO	Marionette enabled
1670259552966	Marionette	INFO	Listening on port 46433
WebDriver BiDi listening on ws://127.0.0.1:46009
Read port: 46433
1670259553318	RemoteAgent	WARN	TLS certificate errors will be ignored for this session
console.warn: SearchSettings: "get: No settings file exists, new profile?" (new NotFoundError("Could not open the file at /tmp/rust_mozprofileZn9cJK/search.json.mozlz4", (void 0)))
JavaScript error: resource://gre/modules/TelemetryUtils.jsm, line 152: TypeError: date is undefined
DevTools listening on ws://127.0.0.1:46009/devtools/browser/71020a12-a25f-4c60-99ba-f0fc91ceae93
JavaScript error: resource://gre/modules/URIFixup.sys.mjs, line 304: NS_ERROR_FAILURE: Should pass a non-null uri
1670259559427	Marionette	WARN	Ignoring event 'pageshow' because document has an invalid readyState of 'uninitialized'.
console.warn: LoginRecipes: "Falling back to a synchronous message for: moz-extension://7faf1d3f-d74a-43b7-8b2a-f8a300b18df6."
console.warn: LoginRecipes: "Falling back to a synchronous message for: https://www.orbitxch.com."
1670259632250	Marionette	INFO	Stopped listening on port 37715
console.warn: TopSitesFeed: Failed to fetch data from Contile server: NetworkError when attempting to fetch resource.
Sandbox: Unexpected EOF, op 0 flags 00 path /proc/cpuinfo
Exiting due to channel error.
Exiting due to channel error.
Exiting due to channel error.
Exiting due to channel error.
1670342429022	geckodriver	INFO	Listening on 127.0.0.1:39633
1670342429559	mozrunner::runner	INFO	Running command: "/usr/bin/firefox" "--marionette" "--remote-debugging-port" "41261" "--remote-allow-hosts" "localhost" "-no-remote" "-profile" "/tmp/rust_mozprofilehYboZp"
ATTENTION: default value of option mesa_glthread overridden by environment.
ATTENTION: default value of option mesa_glthread overridden by environment.
ATTENTION: default value of option mesa_glthread overridden by environment.
1670342430777	Marionette	INFO	Marionette enabled
1670342430781	Marionette	INFO	Listening on port 33261
Read port: 33261
WebDriver BiDi listening on ws://127.0.0.1:41261
1670342430948	RemoteAgent	WARN	TLS certificate errors will be ignored for this session
console.warn: SearchSettings: "get: No settings file exists, new profile?" (new NotFoundError("Could not open the file at /tmp/rust_mozprofilehYboZp/search.json.mozlz4", (void 0)))
JavaScript error: resource://gre/modules/TelemetryUtils.jsm, line 152: TypeError: date is undefined
DevTools listening on ws://127.0.0.1:41261/devtools/browser/dea96f54-3435-4ec1-9d35-c7b65fd24317
JavaScript error: resource://gre/modules/URIFixup.sys.mjs, line 304: NS_ERROR_FAILURE: Should pass a non-null uri
1670342436730	Marionette	WARN	Ignoring event 'pageshow' because document has an invalid readyState of 'uninitialized'.
console.warn: LoginRecipes: "Falling back to a synchronous message for: moz-extension://fa51063d-ae4a-46be-bed9-caca4acedcf2."
console.warn: LoginRecipes: "Falling back to a synchronous message for: https://www.orbitxch.com."
1670353293127	Marionette	INFO	Stopped listening on port 33261
console.warn: TopSitesFeed: Failed to fetch data from Contile server: NetworkError when attempting to fetch resource.
1670601421107	geckodriver	INFO	Listening on 127.0.0.1:46695
1670601421641	mozrunner::runner	INFO	Running command: "/usr/bin/firefox" "--marionette" "--remote-debugging-port" "56761" "--remote-allow-hosts" "localhost" "-no-remote" "-profile" "/tmp/rust_mozprofileKTncmN"
ATTENTION: default value of option mesa_glthread overridden by environment.
ATTENTION: default value of option mesa_glthread overridden by environment.
ATTENTION: default value of option mesa_glthread overridden by environment.
1670601422867	Marionette	INFO	Marionette enabled
1670601422870	Marionette	INFO	Listening on port 44389
Read port: 44389
WebDriver BiDi listening on ws://127.0.0.1:56761
1670601423045	RemoteAgent	WARN	TLS certificate errors will be ignored for this session
console.warn: SearchSettings: "get: No settings file exists, new profile?" (new NotFoundError("Could not open the file at /tmp/rust_mozprofileKTncmN/search.json.mozlz4", (void 0)))
JavaScript error: resource://gre/modules/TelemetryUtils.jsm, line 152: TypeError: date is undefined
DevTools listening on ws://127.0.0.1:56761/devtools/browser/6330cc3d-1592-4beb-937a-1054f118f600
JavaScript error: resource://devtools/client/jsonview/Sniffer.sys.mjs, line 50: NS_ERROR_NOT_AVAILABLE: Component returned failure code: 0x80040111 (NS_ERROR_NOT_AVAILABLE) [nsIChannel.contentType]
JavaScript error: resource://gre/modules/URIFixup.sys.mjs, line 304: NS_ERROR_FAILURE: Should pass a non-null uri
1670601429661	Marionette	WARN	Ignoring event 'pageshow' because document has an invalid readyState of 'uninitialized'.
console.warn: LoginRecipes: "Falling back to a synchronous message for: moz-extension://bd246559-5e5c-45ca-95e2-db9b392e134c."
console.warn: LoginRecipes: "Falling back to a synchronous message for: https://www.orbitxch.com."
1670606849172	Marionette	WARN	TimedPromise timed out after 500 ms: stacktrace:
TimedPromise/<@chrome://remote/content/marionette/sync.sys.mjs:220:24
TimedPromise@chrome://remote/content/marionette/sync.sys.mjs:205:10
interaction.flushEventLoop@chrome://remote/content/marionette/interaction.sys.mjs:425:10
webdriverClickElement@chrome://remote/content/marionette/interaction.sys.mjs:173:31
1670606850251	Marionette	WARN	TimedPromise timed out after 500 ms: stacktrace:
TimedPromise/<@chrome://remote/content/marionette/sync.sys.mjs:220:24
TimedPromise@chrome://remote/content/marionette/sync.sys.mjs:205:10
interaction.flushEventLoop@chrome://remote/content/marionette/interaction.sys.mjs:425:10
webdriverClickElement@chrome://remote/content/marionette/interaction.sys.mjs:173:31
1670606859356	Marionette	WARN	TimedPromise timed out after 500 ms: stacktrace:
TimedPromise/<@chrome://remote/content/marionette/sync.sys.mjs:220:24
TimedPromise@chrome://remote/content/marionette/sync.sys.mjs:205:10
interaction.flushEventLoop@chrome://remote/content/marionette/interaction.sys.mjs:425:10
webdriverClickElement@chrome://remote/content/marionette/interaction.sys.mjs:173:31
1670615275721	geckodriver	INFO	Listening on 127.0.0.1:56287
1670615276249	mozrunner::runner	INFO	Running command: "/usr/bin/firefox" "--marionette" "--remote-debugging-port" "57527" "--remote-allow-hosts" "localhost" "-no-remote" "-profile" "/tmp/rust_mozprofileSB6wy5"
ATTENTION: default value of option mesa_glthread overridden by environment.
ATTENTION: default value of option mesa_glthread overridden by environment.
ATTENTION: default value of option mesa_glthread overridden by environment.
1670615277848	Marionette	INFO	Marionette enabled
1670615277854	Marionette	INFO	Listening on port 46523
Read port: 46523
WebDriver BiDi listening on ws://127.0.0.1:57527
1670615278083	RemoteAgent	WARN	TLS certificate errors will be ignored for this session
console.warn: SearchSettings: "get: No settings file exists, new profile?" (new NotFoundError("Could not open the file at /tmp/rust_mozprofileSB6wy5/search.json.mozlz4", (void 0)))
JavaScript error: resource://gre/modules/TelemetryUtils.jsm, line 152: TypeError: date is undefined
DevTools listening on ws://127.0.0.1:57527/devtools/browser/28960dec-7b20-45e7-a932-07404b6a46c2
JavaScript error: resource://gre/modules/URIFixup.sys.mjs, line 304: NS_ERROR_FAILURE: Should pass a non-null uri
1670615283173	Marionette	INFO	Stopped listening on port 46523
console.warn: TopSitesFeed: Failed to fetch data from Contile server: NetworkError when attempting to fetch resource.
1670615284040	geckodriver::marionette	ERROR	Failed to close browser connection: Socket not connected (os error 107)
1670675301755	geckodriver	INFO	Listening on 127.0.0.1:40127
1670675302258	mozrunner::runner	INFO	Running command: "/usr/bin/firefox" "--marionette" "--remote-debugging-port" "44389" "--remote-allow-hosts" "localhost" "-no-remote" "-profile" "/tmp/rust_mozprofileyZLBVq"
ATTENTION: default value of option mesa_glthread overridden by environment.
ATTENTION: default value of option mesa_glthread overridden by environment.
ATTENTION: default value of option mesa_glthread overridden by environment.
1670675303753	Marionette	INFO	Marionette enabled
1670675303759	Marionette	INFO	Listening on port 37573
Read port: 37573
WebDriver BiDi listening on ws://127.0.0.1:44389
1670675303986	RemoteAgent	WARN	TLS certificate errors will be ignored for this session
console.warn: SearchSettings: "get: No settings file exists, new profile?" (new NotFoundError("Could not open the file at /tmp/rust_mozprofileyZLBVq/search.json.mozlz4", (void 0)))
JavaScript error: resource://gre/modules/TelemetryUtils.jsm, line 152: TypeError: date is undefined
DevTools listening on ws://127.0.0.1:44389/devtools/browser/934233f2-147b-444e-b7ab-c1bffdc92035
1670675306886	Marionette	INFO	Stopped listening on port 37573
console.warn: TopSitesFeed: Failed to fetch data from Contile server: NetworkError when attempting to fetch resource.
1670675307201	geckodriver::marionette	ERROR	Failed to close browser connection: Socket not connected (os error 107)
[2022-12-10T12:28:27Z ERROR glean_core] Can't persist ping lifetime data: Error { kind: Rkv(IoError(Os { code: 2, kind: NotFound, message: "Nie ma takiego pliku ani katalogu" })) }
1670689184540	geckodriver	INFO	Listening on 127.0.0.1:33935
1670689185055	mozrunner::runner	INFO	Running command: "/usr/bin/firefox" "--marionette" "--remote-debugging-port" "60669" "--remote-allow-hosts" "localhost" "-no-remote" "-profile" "/tmp/rust_mozprofilee2ACdI"
ATTENTION: default value of option mesa_glthread overridden by environment.
ATTENTION: default value of option mesa_glthread overridden by environment.
ATTENTION: default value of option mesa_glthread overridden by environment.
1670689186772	Marionette	INFO	Marionette enabled
1670689186782	Marionette	INFO	Listening on port 42585
Read port: 42585
WebDriver BiDi listening on ws://127.0.0.1:60669
1670689187018	RemoteAgent	WARN	TLS certificate errors will be ignored for this session
console.warn: SearchSettings: "get: No settings file exists, new profile?" (new NotFoundError("Could not open the file at /tmp/rust_mozprofilee2ACdI/search.json.mozlz4", (void 0)))
JavaScript error: resource://gre/modules/TelemetryUtils.jsm, line 152: TypeError: date is undefined
DevTools listening on ws://127.0.0.1:60669/devtools/browser/db5214b6-7d55-4200-9b6b-8457df63942a
JavaScript error: resource://gre/modules/URIFixup.sys.mjs, line 304: NS_ERROR_FAILURE: Should pass a non-null uri
1670689222912	Marionette	WARN	Ignoring event 'pageshow' because document has an invalid readyState of 'uninitialized'.
console.warn: LoginRecipes: "Falling back to a synchronous message for: moz-extension://3a163a5f-7ebc-4e00-a945-194054b8caf9."
console.warn: LoginRecipes: "Falling back to a synchronous message for: https://www.orbitxch.com."
1670693279638	Marionette	WARN	TimedPromise timed out after 500 ms: stacktrace:
TimedPromise/<@chrome://remote/content/marionette/sync.sys.mjs:220:24
TimedPromise@chrome://remote/content/marionette/sync.sys.mjs:205:10
interaction.flushEventLoop@chrome://remote/content/marionette/interaction.sys.mjs:425:10
webdriverClickElement@chrome://remote/content/marionette/interaction.sys.mjs:173:31
1670693280683	Marionette	WARN	TimedPromise timed out after 500 ms: stacktrace:
TimedPromise/<@chrome://remote/content/marionette/sync.sys.mjs:220:24
TimedPromise@chrome://remote/content/marionette/sync.sys.mjs:205:10
interaction.flushEventLoop@chrome://remote/content/marionette/interaction.sys.mjs:425:10
webdriverClickElement@chrome://remote/content/marionette/interaction.sys.mjs:173:31
1670693322195	Marionette	WARN	TimedPromise timed out after 500 ms: stacktrace:
TimedPromise/<@chrome://remote/content/marionette/sync.sys.mjs:220:24
TimedPromise@chrome://remote/content/marionette/sync.sys.mjs:205:10
interaction.flushEventLoop@chrome://remote/content/marionette/interaction.sys.mjs:425:10
webdriverClickElement@chrome://remote/content/marionette/interaction.sys.mjs:173:31
1670693323327	Marionette	WARN	TimedPromise timed out after 500 ms: stacktrace:
TimedPromise/<@chrome://remote/content/marionette/sync.sys.mjs:220:24
TimedPromise@chrome://remote/content/marionette/sync.sys.mjs:205:10
interaction.flushEventLoop@chrome://remote/content/marionette/interaction.sys.mjs:425:10
webdriverClickElement@chrome://remote/content/marionette/interaction.sys.mjs:173:31
1670777804951	geckodriver	INFO	Listening on 127.0.0.1:54087
1670777805483	mozrunner::runner	INFO	Running command: "/usr/bin/firefox" "--marionette" "--remote-debugging-port" "56743" "--remote-allow-hosts" "localhost" "-no-remote" "-profile" "/tmp/rust_mozprofileRx38t0"
ATTENTION: default value of option mesa_glthread overridden by environment.
ATTENTION: default value of option mesa_glthread overridden by environment.
ATTENTION: default value of option mesa_glthread overridden by environment.
1670777806913	Marionette	INFO	Marionette enabled
1670777806920	Marionette	INFO	Listening on port 39259
Read port: 39259
WebDriver BiDi listening on ws://127.0.0.1:56743
1670777807125	RemoteAgent	WARN	TLS certificate errors will be ignored for this session
console.warn: SearchSettings: "get: No settings file exists, new profile?" (new NotFoundError("Could not open the file at /tmp/rust_mozprofileRx38t0/search.json.mozlz4", (void 0)))
JavaScript error: resource://gre/modules/TelemetryUtils.jsm, line 152: TypeError: date is undefined
DevTools listening on ws://127.0.0.1:56743/devtools/browser/05861809-9824-4344-bc3b-f1997f7e28e7
JavaScript error: resource://gre/modules/URIFixup.sys.mjs, line 304: NS_ERROR_FAILURE: Should pass a non-null uri
Exiting due to channel error.
Exiting due to channel error.
Exiting due to channel error.
Exiting due to channel error.
1670777967933	geckodriver	INFO	Listening on 127.0.0.1:37595
1670777967941	mozrunner::runner	INFO	Running command: "/usr/bin/firefox" "--marionette" "--remote-debugging-port" "53327" "--remote-allow-hosts" "localhost" "-no-remote" "-profile" "/tmp/rust_mozprofileX13WZf"
ATTENTION: default value of option mesa_glthread overridden by environment.
ATTENTION: default value of option mesa_glthread overridden by environment.
ATTENTION: default value of option mesa_glthread overridden by environment.
1670777969240	Marionette	INFO	Marionette enabled
1670777969246	Marionette	INFO	Listening on port 38351
Read port: 38351
WebDriver BiDi listening on ws://127.0.0.1:53327
1670777969405	RemoteAgent	WARN	TLS certificate errors will be ignored for this session
console.warn: SearchSettings: "get: No settings file exists, new profile?" (new NotFoundError("Could not open the file at /tmp/rust_mozprofileX13WZf/search.json.mozlz4", (void 0)))
JavaScript error: resource://gre/modules/TelemetryUtils.jsm, line 152: TypeError: date is undefined
DevTools listening on ws://127.0.0.1:53327/devtools/browser/a9fefaa5-932a-4f43-924d-2588f77a77d3
JavaScript error: resource://gre/modules/URIFixup.sys.mjs, line 304: NS_ERROR_FAILURE: Should pass a non-null uri
Exiting due to channel error.
Exiting due to channel error.
Exiting due to channel error.
Exiting due to channel error.
1670777991752	geckodriver	INFO	Listening on 127.0.0.1:59421
1670777991760	mozrunner::runner	INFO	Running command: "/usr/bin/firefox" "--marionette" "--remote-debugging-port" "58541" "--remote-allow-hosts" "localhost" "-no-remote" "-profile" "/tmp/rust_mozprofileIG2Sir"
ATTENTION: default value of option mesa_glthread overridden by environment.
ATTENTION: default value of option mesa_glthread overridden by environment.
ATTENTION: default value of option mesa_glthread overridden by environment.
1670777993030	Marionette	INFO	Marionette enabled
1670777993036	Marionette	INFO	Listening on port 38613
Read port: 38613
WebDriver BiDi listening on ws://127.0.0.1:58541
1670777993198	RemoteAgent	WARN	TLS certificate errors will be ignored for this session
console.warn: SearchSettings: "get: No settings file exists, new profile?" (new NotFoundError("Could not open the file at /tmp/rust_mozprofileIG2Sir/search.json.mozlz4", (void 0)))
JavaScript error: resource://gre/modules/TelemetryUtils.jsm, line 152: TypeError: date is undefined
DevTools listening on ws://127.0.0.1:58541/devtools/browser/f3cb0f60-8b9c-4503-b35c-c27bd0170c6c
JavaScript error: resource://gre/modules/URIFixup.sys.mjs, line 304: NS_ERROR_FAILURE: Should pass a non-null uri
1670778064065	geckodriver	INFO	Listening on 127.0.0.1:49691
1670778064072	mozrunner::runner	INFO	Running command: "/usr/bin/firefox" "--marionette" "--remote-debugging-port" "36507" "--remote-allow-hosts" "localhost" "-no-remote" "-profile" "/tmp/rust_mozprofile03k5iX"
ATTENTION: default value of option mesa_glthread overridden by environment.
ATTENTION: default value of option mesa_glthread overridden by environment.
ATTENTION: default value of option mesa_glthread overridden by environment.
1670778065400	Marionette	INFO	Marionette enabled
1670778065406	Marionette	INFO	Listening on port 45229
Read port: 45229
WebDriver BiDi listening on ws://127.0.0.1:36507
1670778065567	RemoteAgent	WARN	TLS certificate errors will be ignored for this session
console.warn: SearchSettings: "get: No settings file exists, new profile?" (new NotFoundError("Could not open the file at /tmp/rust_mozprofile03k5iX/search.json.mozlz4", (void 0)))
JavaScript error: resource://gre/modules/TelemetryUtils.jsm, line 152: TypeError: date is undefined
DevTools listening on ws://127.0.0.1:36507/devtools/browser/0fc4aade-d4d3-4934-bb31-890cc2e38de0
JavaScript error: resource://gre/modules/URIFixup.sys.mjs, line 304: NS_ERROR_FAILURE: Should pass a non-null uri
1670778119183	geckodriver	INFO	Listening on 127.0.0.1:53405
1670778119191	mozrunner::runner	INFO	Running command: "/usr/bin/firefox" "--marionette" "--remote-debugging-port" "59835" "--remote-allow-hosts" "localhost" "-no-remote" "-profile" "/tmp/rust_mozprofile9YvUIa"
ATTENTION: default value of option mesa_glthread overridden by environment.
ATTENTION: default value of option mesa_glthread overridden by environment.
ATTENTION: default value of option mesa_glthread overridden by environment.
1670778120534	Marionette	INFO	Marionette enabled
1670778120540	Marionette	INFO	Listening on port 46337
Read port: 46337
WebDriver BiDi listening on ws://127.0.0.1:59835
1670778120706	RemoteAgent	WARN	TLS certificate errors will be ignored for this session
console.warn: SearchSettings: "get: No settings file exists, new profile?" (new NotFoundError("Could not open the file at /tmp/rust_mozprofile9YvUIa/search.json.mozlz4", (void 0)))
JavaScript error: resource://gre/modules/TelemetryUtils.jsm, line 152: TypeError: date is undefined
DevTools listening on ws://127.0.0.1:59835/devtools/browser/e357d4ae-7cf1-4b7f-b3ba-2f6200461a0e
JavaScript error: resource://gre/modules/URIFixup.sys.mjs, line 304: NS_ERROR_FAILURE: Should pass a non-null uri
1670778153689	Marionette	INFO	Stopped listening on port 45229
console.warn: TopSitesFeed: Failed to fetch data from Contile server: NetworkError when attempting to fetch resource.
1670778155339	Marionette	INFO	Stopped listening on port 46337
console.warn: TopSitesFeed: Failed to fetch data from Contile server: NetworkError when attempting to fetch resource.
1670778155578	geckodriver::marionette	ERROR	Failed to close browser connection: Socket not connected (os error 107)
1670778156662	Marionette	INFO	Stopped listening on port 38613
console.warn: TopSitesFeed: Failed to fetch data from Contile server: NetworkError when attempting to fetch resource.
1670946632819	geckodriver	INFO	Listening on 127.0.0.1:59051
1670946633351	mozrunner::runner	INFO	Running command: "/usr/bin/firefox" "--marionette" "--remote-debugging-port" "42253" "--remote-allow-hosts" "localhost" "-no-remote" "-profile" "/tmp/rust_mozprofileh0Xip4"
ATTENTION: default value of option mesa_glthread overridden by environment.
ATTENTION: default value of option mesa_glthread overridden by environment.
ATTENTION: default value of option mesa_glthread overridden by environment.
1670946634901	Marionette	INFO	Marionette enabled
1670946634907	Marionette	INFO	Listening on port 39631
Read port: 39631
WebDriver BiDi listening on ws://127.0.0.1:42253
1670946635133	RemoteAgent	WARN	TLS certificate errors will be ignored for this session
console.warn: SearchSettings: "get: No settings file exists, new profile?" (new NotFoundError("Could not open the file at /tmp/rust_mozprofileh0Xip4/search.json.mozlz4", (void 0)))
JavaScript error: resource://gre/modules/TelemetryUtils.jsm, line 152: TypeError: date is undefined
DevTools listening on ws://127.0.0.1:42253/devtools/browser/d7670a72-4b5e-49be-97db-bf0b0c9a3161
JavaScript error: resource://gre/modules/URIFixup.sys.mjs, line 304: NS_ERROR_FAILURE: Should pass a non-null uri
1670946651741	Marionette	INFO	Stopped listening on port 39631
console.warn: TopSitesFeed: Failed to fetch data from Contile server: NetworkError when attempting to fetch resource.
1670946651974	geckodriver::marionette	ERROR	Failed to close browser connection: Socket not connected (os error 107)
[2022-12-13T15:50:52Z ERROR glean_core] Can't persist ping lifetime data: Error { kind: Rkv(IoError(Os { code: 2, kind: NotFound, message: "Nie ma takiego pliku ani katalogu" })) }
1670946705493	geckodriver	INFO	Listening on 127.0.0.1:52387
1670946706027	mozrunner::runner	INFO	Running command: "/usr/bin/firefox" "--marionette" "--remote-debugging-port" "36199" "--remote-allow-hosts" "localhost" "-no-remote" "-profile" "/tmp/rust_mozprofileJeZky1"
ATTENTION: default value of option mesa_glthread overridden by environment.
ATTENTION: default value of option mesa_glthread overridden by environment.
ATTENTION: default value of option mesa_glthread overridden by environment.
1670946707368	Marionette	INFO	Marionette enabled
1670946707374	Marionette	INFO	Listening on port 39935
Read port: 39935
WebDriver BiDi listening on ws://127.0.0.1:36199
1670946707571	RemoteAgent	WARN	TLS certificate errors will be ignored for this session
console.warn: SearchSettings: "get: No settings file exists, new profile?" (new NotFoundError("Could not open the file at /tmp/rust_mozprofileJeZky1/search.json.mozlz4", (void 0)))
JavaScript error: resource://gre/modules/TelemetryUtils.jsm, line 152: TypeError: date is undefined
DevTools listening on ws://127.0.0.1:36199/devtools/browser/75afaa28-f5a3-493c-8e58-2c6809cb017d
JavaScript error: resource://gre/modules/URIFixup.sys.mjs, line 304: NS_ERROR_FAILURE: Should pass a non-null uri
1670946713149	Marionette	WARN	Ignoring event 'pageshow' because document has an invalid readyState of 'uninitialized'.
console.warn: LoginRecipes: "Falling back to a synchronous message for: moz-extension://14098b45-aa0c-4154-89f5-4b73bc98220e."
console.warn: LoginRecipes: "Falling back to a synchronous message for: https://www.orbitxch.com."
1670946941795	geckodriver	INFO	Listening on 127.0.0.1:49563
1670946941802	mozrunner::runner	INFO	Running command: "/usr/bin/firefox" "--marionette" "--remote-debugging-port" "56073" "--remote-allow-hosts" "localhost" "-no-remote" "-profile" "/tmp/rust_mozprofile6HXviZ"
ATTENTION: default value of option mesa_glthread overridden by environment.
ATTENTION: default value of option mesa_glthread overridden by environment.
ATTENTION: default value of option mesa_glthread overridden by environment.
1670946943144	Marionette	INFO	Marionette enabled
1670946943150	Marionette	INFO	Listening on port 46093
Read port: 46093
WebDriver BiDi listening on ws://127.0.0.1:56073
1670946943312	RemoteAgent	WARN	TLS certificate errors will be ignored for this session
console.warn: SearchSettings: "get: No settings file exists, new profile?" (new NotFoundError("Could not open the file at /tmp/rust_mozprofile6HXviZ/search.json.mozlz4", (void 0)))
JavaScript error: resource://gre/modules/TelemetryUtils.jsm, line 152: TypeError: date is undefined
DevTools listening on ws://127.0.0.1:56073/devtools/browser/1df56cc3-6d5d-4d89-b358-24b2e2cd5fb2
1670946945389	Marionette	INFO	Stopped listening on port 39935
console.warn: TopSitesFeed: Failed to fetch data from Contile server: NetworkError when attempting to fetch resource.
Sandbox: Unexpected EOF, op 0 flags 00 path /proc/cpuinfo
JavaScript error: resource://gre/modules/URIFixup.sys.mjs, line 304: NS_ERROR_FAILURE: Should pass a non-null uri
1670946949218	Marionette	WARN	Ignoring event 'pageshow' because document has an invalid readyState of 'uninitialized'.
console.warn: LoginRecipes: "Falling back to a synchronous message for: moz-extension://2cddc8dd-9d74-4fdd-be30-b291cb927b96."
console.warn: LoginRecipes: "Falling back to a synchronous message for: https://www.orbitxch.com."
1670947002112	Marionette	WARN	TimedPromise timed out after 500 ms: stacktrace:
TimedPromise/<@chrome://remote/content/marionette/sync.sys.mjs:220:24
TimedPromise@chrome://remote/content/marionette/sync.sys.mjs:205:10
interaction.flushEventLoop@chrome://remote/content/marionette/interaction.sys.mjs:425:10
webdriverClickElement@chrome://remote/content/marionette/interaction.sys.mjs:173:31
1670947012787	Marionette	WARN	TimedPromise timed out after 500 ms: stacktrace:
TimedPromise/<@chrome://remote/content/marionette/sync.sys.mjs:220:24
TimedPromise@chrome://remote/content/marionette/sync.sys.mjs:205:10
interaction.flushEventLoop@chrome://remote/content/marionette/interaction.sys.mjs:425:10
webdriverClickElement@chrome://remote/content/marionette/interaction.sys.mjs:173:31
1670947020238	Marionette	WARN	TimedPromise timed out after 500 ms: stacktrace:
TimedPromise/<@chrome://remote/content/marionette/sync.sys.mjs:220:24
TimedPromise@chrome://remote/content/marionette/sync.sys.mjs:205:10
interaction.flushEventLoop@chrome://remote/content/marionette/interaction.sys.mjs:425:10
webdriverClickElement@chrome://remote/content/marionette/interaction.sys.mjs:173:31
1670947023983	Marionette	INFO	Stopped listening on port 46093
1670947026005	geckodriver::marionette	ERROR	Failed to close browser connection: Socket not connected (os error 107)
1670947175400	geckodriver	INFO	Listening on 127.0.0.1:51577
1670947175407	mozrunner::runner	INFO	Running command: "/usr/bin/firefox" "--marionette" "--remote-debugging-port" "48623" "--remote-allow-hosts" "localhost" "-no-remote" "-profile" "/tmp/rust_mozprofile6xZOUo"
ATTENTION: default value of option mesa_glthread overridden by environment.
ATTENTION: default value of option mesa_glthread overridden by environment.
ATTENTION: default value of option mesa_glthread overridden by environment.
1670947176913	Marionette	INFO	Marionette enabled
1670947176919	Marionette	INFO	Listening on port 40771
Read port: 40771
WebDriver BiDi listening on ws://127.0.0.1:48623
1670947177077	RemoteAgent	WARN	TLS certificate errors will be ignored for this session
console.warn: SearchSettings: "get: No settings file exists, new profile?" (new NotFoundError("Could not open the file at /tmp/rust_mozprofile6xZOUo/search.json.mozlz4", (void 0)))
JavaScript error: resource://gre/modules/TelemetryUtils.jsm, line 152: TypeError: date is undefined
DevTools listening on ws://127.0.0.1:48623/devtools/browser/9ce5d496-92f5-4934-b9e6-a39dcb0b95c8
JavaScript error: resource://gre/modules/URIFixup.sys.mjs, line 304: NS_ERROR_FAILURE: Should pass a non-null uri
1670947183141	Marionette	WARN	Ignoring event 'pageshow' because document has an invalid readyState of 'uninitialized'.
console.warn: LoginRecipes: "Falling back to a synchronous message for: moz-extension://bc638e61-1738-4c37-8301-44cee754370d."
console.warn: LoginRecipes: "Falling back to a synchronous message for: https://www.orbitxch.com."
1670947271723	Marionette	WARN	TimedPromise timed out after 500 ms: stacktrace:
TimedPromise/<@chrome://remote/content/marionette/sync.sys.mjs:220:24
TimedPromise@chrome://remote/content/marionette/sync.sys.mjs:205:10
interaction.flushEventLoop@chrome://remote/content/marionette/interaction.sys.mjs:425:10
webdriverClickElement@chrome://remote/content/marionette/interaction.sys.mjs:173:31
Exiting due to channel error.
Exiting due to channel error.
Exiting due to channel error.
Exiting due to channel error.
1670947397630	geckodriver	INFO	Listening on 127.0.0.1:52825
1670947397638	mozrunner::runner	INFO	Running command: "/usr/bin/firefox" "--marionette" "--remote-debugging-port" "53401" "--remote-allow-hosts" "localhost" "-no-remote" "-profile" "/tmp/rust_mozprofileJ5W83G"
ATTENTION: default value of option mesa_glthread overridden by environment.
ATTENTION: default value of option mesa_glthread overridden by environment.
ATTENTION: default value of option mesa_glthread overridden by environment.
1670947398977	Marionette	INFO	Marionette enabled
1670947398982	Marionette	INFO	Listening on port 39639
Read port: 39639
WebDriver BiDi listening on ws://127.0.0.1:53401
1670947399142	RemoteAgent	WARN	TLS certificate errors will be ignored for this session
console.warn: SearchSettings: "get: No settings file exists, new profile?" (new NotFoundError("Could not open the file at /tmp/rust_mozprofileJ5W83G/search.json.mozlz4", (void 0)))
JavaScript error: resource://gre/modules/TelemetryUtils.jsm, line 152: TypeError: date is undefined
DevTools listening on ws://127.0.0.1:53401/devtools/browser/edeb441e-344f-493a-83a0-a42ecdff7eec
JavaScript error: resource://gre/modules/URIFixup.sys.mjs, line 304: NS_ERROR_FAILURE: Should pass a non-null uri
1670947405834	Marionette	WARN	Ignoring event 'pageshow' because document has an invalid readyState of 'uninitialized'.
console.warn: LoginRecipes: "Falling back to a synchronous message for: moz-extension://850536aa-64eb-42d0-894f-9339d6a1f8ff."
console.warn: LoginRecipes: "Falling back to a synchronous message for: https://www.orbitxch.com."
JavaScript error: , line 0: NotFoundError: No such JSWindowActor 'DevToolsFrame'
JavaScript error: , line 0: NotFoundError: No such JSWindowActor 'DevToolsFrame'
1670958052283	Marionette	INFO	Stopped listening on port 39639
console.warn: TopSitesFeed: Failed to fetch data from Contile server: NetworkError when attempting to fetch resource.
1671033274064	geckodriver	INFO	Listening on 127.0.0.1:55631
1671033274600	mozrunner::runner	INFO	Running command: "/usr/bin/firefox" "--marionette" "--remote-debugging-port" "50987" "--remote-allow-hosts" "localhost" "-no-remote" "-profile" "/tmp/rust_mozprofilerRxja3"
ATTENTION: default value of option mesa_glthread overridden by environment.
ATTENTION: default value of option mesa_glthread overridden by environment.
ATTENTION: default value of option mesa_glthread overridden by environment.
1671033276121	Marionette	INFO	Marionette enabled
1671033276127	Marionette	INFO	Listening on port 39651
Read port: 39651
WebDriver BiDi listening on ws://127.0.0.1:50987
1671033276348	RemoteAgent	WARN	TLS certificate errors will be ignored for this session
console.warn: SearchSettings: "get: No settings file exists, new profile?" (new NotFoundError("Could not open the file at /tmp/rust_mozprofilerRxja3/search.json.mozlz4", (void 0)))
JavaScript error: resource://gre/modules/TelemetryUtils.jsm, line 152: TypeError: date is undefined
DevTools listening on ws://127.0.0.1:50987/devtools/browser/3edb2239-f77a-4de6-bdb4-69861fda6b5e
JavaScript error: resource://gre/modules/URIFixup.sys.mjs, line 304: NS_ERROR_FAILURE: Should pass a non-null uri
1671033281594	Marionette	WARN	Ignoring event 'pageshow' because document has an invalid readyState of 'uninitialized'.
console.warn: LoginRecipes: "Falling back to a synchronous message for: moz-extension://e79e0e16-0a6e-48b1-96f9-06b97a196670."
console.warn: LoginRecipes: "Falling back to a synchronous message for: https://www.orbitxch.com."
1671033389317	Marionette	WARN	TimedPromise timed out after 500 ms: stacktrace:
TimedPromise/<@chrome://remote/content/marionette/sync.sys.mjs:220:24
TimedPromise@chrome://remote/content/marionette/sync.sys.mjs:205:10
interaction.flushEventLoop@chrome://remote/content/marionette/interaction.sys.mjs:425:10
webdriverClickElement@chrome://remote/content/marionette/interaction.sys.mjs:173:31
1671033394222	Marionette	WARN	TimedPromise timed out after 500 ms: stacktrace:
TimedPromise/<@chrome://remote/content/marionette/sync.sys.mjs:220:24
TimedPromise@chrome://remote/content/marionette/sync.sys.mjs:205:10
interaction.flushEventLoop@chrome://remote/content/marionette/interaction.sys.mjs:425:10
webdriverClickElement@chrome://remote/content/marionette/interaction.sys.mjs:173:31
Exiting due to channel error.
Exiting due to channel error.
Exiting due to channel error.
Exiting due to channel error.
1671033780101	geckodriver	INFO	Listening on 127.0.0.1:48481
1671033780635	mozrunner::runner	INFO	Running command: "/usr/bin/firefox" "--marionette" "--remote-debugging-port" "53899" "--remote-allow-hosts" "localhost" "-no-remote" "-profile" "/tmp/rust_mozprofileZiqyhk"
ATTENTION: default value of option mesa_glthread overridden by environment.
ATTENTION: default value of option mesa_glthread overridden by environment.
ATTENTION: default value of option mesa_glthread overridden by environment.
1671033782040	Marionette	INFO	Marionette enabled
1671033782049	Marionette	INFO	Listening on port 44925
Read port: 44925
WebDriver BiDi listening on ws://127.0.0.1:53899
1671033782223	RemoteAgent	WARN	TLS certificate errors will be ignored for this session
console.warn: SearchSettings: "get: No settings file exists, new profile?" (new NotFoundError("Could not open the file at /tmp/rust_mozprofileZiqyhk/search.json.mozlz4", (void 0)))
JavaScript error: resource://gre/modules/TelemetryUtils.jsm, line 152: TypeError: date is undefined
DevTools listening on ws://127.0.0.1:53899/devtools/browser/05ccc274-0d9d-4857-b152-11e8939a1880
JavaScript error: resource://gre/modules/URIFixup.sys.mjs, line 304: NS_ERROR_FAILURE: Should pass a non-null uri
1671033788927	Marionette	WARN	Ignoring event 'pageshow' because document has an invalid readyState of 'uninitialized'.
console.warn: LoginRecipes: "Falling back to a synchronous message for: moz-extension://b895dcdb-22b7-4fbe-8564-1ad1b07c9a3b."
console.warn: LoginRecipes: "Falling back to a synchronous message for: https://www.orbitxch.com."
1671033844663	Marionette	WARN	TimedPromise timed out after 500 ms: stacktrace:
TimedPromise/<@chrome://remote/content/marionette/sync.sys.mjs:220:24
TimedPromise@chrome://remote/content/marionette/sync.sys.mjs:205:10
interaction.flushEventLoop@chrome://remote/content/marionette/interaction.sys.mjs:425:10
webdriverClickElement@chrome://remote/content/marionette/interaction.sys.mjs:173:31
Exiting due to channel error.
Exiting due to channel error.
Exiting due to channel error.
Exiting due to channel error.
1671034517760	geckodriver	INFO	Listening on 127.0.0.1:41091
1671034517767	mozrunner::runner	INFO	Running command: "/usr/bin/firefox" "--marionette" "--remote-debugging-port" "32795" "--remote-allow-hosts" "localhost" "-no-remote" "-profile" "/tmp/rust_mozprofile5IMYIS"
ATTENTION: default value of option mesa_glthread overridden by environment.
ATTENTION: default value of option mesa_glthread overridden by environment.
ATTENTION: default value of option mesa_glthread overridden by environment.
1671034519094	Marionette	INFO	Marionette enabled
1671034519100	Marionette	INFO	Listening on port 42431
Read port: 42431
WebDriver BiDi listening on ws://127.0.0.1:32795
1671034519257	RemoteAgent	WARN	TLS certificate errors will be ignored for this session
console.warn: SearchSettings: "get: No settings file exists, new profile?" (new NotFoundError("Could not open the file at /tmp/rust_mozprofile5IMYIS/search.json.mozlz4", (void 0)))
JavaScript error: resource://gre/modules/TelemetryUtils.jsm, line 152: TypeError: date is undefined
DevTools listening on ws://127.0.0.1:32795/devtools/browser/15282f81-eaed-4341-985d-6aff878b00ac
JavaScript error: resource://gre/modules/URIFixup.sys.mjs, line 304: NS_ERROR_FAILURE: Should pass a non-null uri
1671034525698	Marionette	WARN	Ignoring event 'pageshow' because document has an invalid readyState of 'uninitialized'.
console.warn: LoginRecipes: "Falling back to a synchronous message for: moz-extension://b730ec80-407e-43d2-bc38-5926fb738688."
console.warn: LoginRecipes: "Falling back to a synchronous message for: https://www.orbitxch.com."
Exiting due to channel error.
Exiting due to channel error.
Exiting due to channel error.
Exiting due to channel error.
1671034788769	geckodriver	INFO	Listening on 127.0.0.1:55613
1671034789282	mozrunner::runner	INFO	Running command: "/usr/bin/firefox" "--marionette" "--remote-debugging-port" "42957" "--remote-allow-hosts" "localhost" "-no-remote" "-profile" "/tmp/rust_mozprofilexax05f"
ATTENTION: default value of option mesa_glthread overridden by environment.
ATTENTION: default value of option mesa_glthread overridden by environment.
ATTENTION: default value of option mesa_glthread overridden by environment.
1671034790632	Marionette	INFO	Marionette enabled
1671034790637	Marionette	INFO	Listening on port 41145
Read port: 41145
WebDriver BiDi listening on ws://127.0.0.1:42957
1671034790801	RemoteAgent	WARN	TLS certificate errors will be ignored for this session
console.warn: SearchSettings: "get: No settings file exists, new profile?" (new NotFoundError("Could not open the file at /tmp/rust_mozprofilexax05f/search.json.mozlz4", (void 0)))
JavaScript error: resource://gre/modules/TelemetryUtils.jsm, line 152: TypeError: date is undefined
DevTools listening on ws://127.0.0.1:42957/devtools/browser/4f7f55fe-a4c4-4f27-a582-ac4c71cf2d4c
JavaScript error: resource://gre/modules/URIFixup.sys.mjs, line 304: NS_ERROR_FAILURE: Should pass a non-null uri
1671034797627	Marionette	WARN	Ignoring event 'pageshow' because document has an invalid readyState of 'uninitialized'.
console.warn: LoginRecipes: "Falling back to a synchronous message for: moz-extension://f8dbcf63-4a0f-4fca-9a4c-aebfe95df977."
console.warn: LoginRecipes: "Falling back to a synchronous message for: https://www.orbitxch.com."
1671044438324	Marionette	INFO	Stopped listening on port 41145
console.warn: TopSitesFeed: Failed to fetch data from Contile server: NetworkError when attempting to fetch resource.
1671278357301	geckodriver	INFO	Listening on 127.0.0.1:37375
1671278357833	mozrunner::runner	INFO	Running command: "/usr/bin/firefox" "--marionette" "--remote-debugging-port" "54499" "--remote-allow-hosts" "localhost" "-no-remote" "-profile" "/tmp/rust_mozprofilen2sa9T"
ATTENTION: default value of option mesa_glthread overridden by environment.
ATTENTION: default value of option mesa_glthread overridden by environment.
ATTENTION: default value of option mesa_glthread overridden by environment.
1671278359010	Marionette	INFO	Marionette enabled
1671278359014	Marionette	INFO	Listening on port 44727
Read port: 44727
WebDriver BiDi listening on ws://127.0.0.1:54499
1671278359186	RemoteAgent	WARN	TLS certificate errors will be ignored for this session
console.warn: SearchSettings: "get: No settings file exists, new profile?" (new NotFoundError("Could not open the file at /tmp/rust_mozprofilen2sa9T/search.json.mozlz4", (void 0)))
JavaScript error: resource://gre/modules/TelemetryUtils.jsm, line 152: TypeError: date is undefined
DevTools listening on ws://127.0.0.1:54499/devtools/browser/6089d8b2-5684-4a39-8d1e-ec5454db6e4d
JavaScript error: resource://gre/modules/URIFixup.sys.mjs, line 304: NS_ERROR_FAILURE: Should pass a non-null uri
1671278364754	Marionette	WARN	Ignoring event 'pageshow' because document has an invalid readyState of 'uninitialized'.
console.warn: LoginRecipes: "Falling back to a synchronous message for: moz-extension://67a41603-a116-44a6-ba7d-38718f194b7e."
1671278387851	Marionette	WARN	Ignoring event 'pageshow' because document has an invalid readyState of 'uninitialized'.
1671278403458	Marionette	INFO	Stopped listening on port 44727
console.warn: TopSitesFeed: Failed to fetch data from Contile server: NetworkError when attempting to fetch resource.
Sandbox: Unexpected EOF, op 0 flags 00 path /proc/cpuinfo
1671279812557	geckodriver	INFO	Listening on 127.0.0.1:40947
1671279812996	mozrunner::runner	INFO	Running command: "/usr/bin/firefox" "--marionette" "--remote-debugging-port" "39127" "--remote-allow-hosts" "localhost" "-no-remote" "-profile" "/tmp/rust_mozprofileHxXx6J"
ATTENTION: default value of option mesa_glthread overridden by environment.
ATTENTION: default value of option mesa_glthread overridden by environment.
ATTENTION: default value of option mesa_glthread overridden by environment.
1671279814367	Marionette	INFO	Marionette enabled
1671279814371	Marionette	INFO	Listening on port 33071
Read port: 33071
WebDriver BiDi listening on ws://127.0.0.1:39127
1671279814495	RemoteAgent	WARN	TLS certificate errors will be ignored for this session
console.warn: SearchSettings: "get: No settings file exists, new profile?" (new NotFoundError("Could not open the file at /tmp/rust_mozprofileHxXx6J/search.json.mozlz4", (void 0)))
JavaScript error: resource://gre/modules/TelemetryUtils.jsm, line 152: TypeError: date is undefined
DevTools listening on ws://127.0.0.1:39127/devtools/browser/a514751a-8284-4405-902a-88722db90715
JavaScript error: , line 0: SyntaxError: JSON.parse: unexpected end of data at line 1 column 1 of the JSON data
JavaScript error: , line 0: SyntaxError: JSON.parse: unexpected end of data at line 1 column 1 of the JSON data
JavaScript error: resource://gre/modules/URIFixup.sys.mjs, line 304: NS_ERROR_FAILURE: Should pass a non-null uri
1671279821801	Marionette	WARN	Ignoring event 'pageshow' because document has an invalid readyState of 'interactive'.
1671279821802	Marionette	WARN	Ignoring event 'pageshow' because document has an invalid readyState of 'uninitialized'.
JavaScript error: , line 0: SyntaxError: JSON.parse: unexpected end of data at line 1 column 1 of the JSON data
console.warn: LoginRecipes: "Falling back to a synchronous message for: https://www.orbitxch.com."
JavaScript error: , line 0: SyntaxError: JSON.parse: unexpected end of data at line 1 column 1 of the JSON data
1671285923787	Marionette	WARN	TimedPromise timed out after 500 ms: stacktrace:
TimedPromise/<@chrome://remote/content/marionette/sync.sys.mjs:220:24
TimedPromise@chrome://remote/content/marionette/sync.sys.mjs:205:10
interaction.flushEventLoop@chrome://remote/content/marionette/interaction.sys.mjs:425:10
webdriverClickElement@chrome://remote/content/marionette/interaction.sys.mjs:173:31
1671285924727	Marionette	WARN	TimedPromise timed out after 500 ms: stacktrace:
TimedPromise/<@chrome://remote/content/marionette/sync.sys.mjs:220:24
TimedPromise@chrome://remote/content/marionette/sync.sys.mjs:205:10
interaction.flushEventLoop@chrome://remote/content/marionette/interaction.sys.mjs:425:10
webdriverClickElement@chrome://remote/content/marionette/interaction.sys.mjs:173:31
1671285929718	Marionette	WARN	TimedPromise timed out after 500 ms: stacktrace:
TimedPromise/<@chrome://remote/content/marionette/sync.sys.mjs:220:24
TimedPromise@chrome://remote/content/marionette/sync.sys.mjs:205:10
interaction.flushEventLoop@chrome://remote/content/marionette/interaction.sys.mjs:425:10
webdriverClickElement@chrome://remote/content/marionette/interaction.sys.mjs:173:31
1671285934701	Marionette	WARN	TimedPromise timed out after 500 ms: stacktrace:
TimedPromise/<@chrome://remote/content/marionette/sync.sys.mjs:220:24
TimedPromise@chrome://remote/content/marionette/sync.sys.mjs:205:10
interaction.flushEventLoop@chrome://remote/content/marionette/interaction.sys.mjs:425:10
webdriverClickElement@chrome://remote/content/marionette/interaction.sys.mjs:173:31
1671285939051	Marionette	WARN	TimedPromise timed out after 500 ms: stacktrace:
TimedPromise/<@chrome://remote/content/marionette/sync.sys.mjs:220:24
TimedPromise@chrome://remote/content/marionette/sync.sys.mjs:205:10
interaction.flushEventLoop@chrome://remote/content/marionette/interaction.sys.mjs:425:10
webdriverClickElement@chrome://remote/content/marionette/interaction.sys.mjs:173:31
Exiting due to channel error.
Exiting due to channel error.
Exiting due to channel error.
1671366625558	geckodriver	INFO	Listening on 127.0.0.1:41887
1671366626091	mozrunner::runner	INFO	Running command: "/usr/bin/firefox" "--marionette" "--remote-debugging-port" "34075" "--remote-allow-hosts" "localhost" "-no-remote" "-profile" "/tmp/rust_mozprofileViPM6t"
ATTENTION: default value of option mesa_glthread overridden by environment.
ATTENTION: default value of option mesa_glthread overridden by environment.
ATTENTION: default value of option mesa_glthread overridden by environment.
1671366627624	Marionette	INFO	Marionette enabled
1671366627630	Marionette	INFO	Listening on port 44107
Read port: 44107
WebDriver BiDi listening on ws://127.0.0.1:34075
1671366627844	RemoteAgent	WARN	TLS certificate errors will be ignored for this session
console.warn: SearchSettings: "get: No settings file exists, new profile?" (new NotFoundError("Could not open the file at /tmp/rust_mozprofileViPM6t/search.json.mozlz4", (void 0)))
JavaScript error: resource://gre/modules/TelemetryUtils.jsm, line 152: TypeError: date is undefined
DevTools listening on ws://127.0.0.1:34075/devtools/browser/1110ffb3-d51f-4ae4-a673-df3119c40d97
1671366635499	Marionette	WARN	Ignoring event 'pageshow' because document has an invalid readyState of 'uninitialized'.
console.warn: LoginRecipes: "Falling back to a synchronous message for: moz-extension://c02a3a36-5e67-4acf-90de-eb98c0fcd39c."
1671366655345	Marionette	WARN	Ignoring event 'pageshow' because document has an invalid readyState of 'interactive'.
1671366655345	Marionette	WARN	Ignoring event 'pageshow' because document has an invalid readyState of 'uninitialized'.
JavaScript error: , line 0: SyntaxError: JSON.parse: unexpected end of data at line 1 column 1 of the JSON data
1671366666313	Marionette	INFO	Stopped listening on port 44107
console.warn: TopSitesFeed: Failed to fetch data from Contile server: NetworkError when attempting to fetch resource.
1671366669174	geckodriver	INFO	Listening on 127.0.0.1:44237
1671366669181	mozrunner::runner	INFO	Running command: "/usr/bin/firefox" "--marionette" "--remote-debugging-port" "38025" "--remote-allow-hosts" "localhost" "-no-remote" "-profile" "/tmp/rust_mozprofilexWOnfO"
ATTENTION: default value of option mesa_glthread overridden by environment.
ATTENTION: default value of option mesa_glthread overridden by environment.
ATTENTION: default value of option mesa_glthread overridden by environment.
1671366670510	Marionette	INFO	Marionette enabled
1671366670516	Marionette	INFO	Listening on port 46851
Read port: 46851
WebDriver BiDi listening on ws://127.0.0.1:38025
1671366670675	RemoteAgent	WARN	TLS certificate errors will be ignored for this session
console.warn: SearchSettings: "get: No settings file exists, new profile?" (new NotFoundError("Could not open the file at /tmp/rust_mozprofilexWOnfO/search.json.mozlz4", (void 0)))
JavaScript error: resource://gre/modules/TelemetryUtils.jsm, line 152: TypeError: date is undefined
DevTools listening on ws://127.0.0.1:38025/devtools/browser/01811686-692a-41d0-a397-7cde3c2bc86c
1671366677703	Marionette	WARN	Ignoring event 'pageshow' because document has an invalid readyState of 'interactive'.
1671366677704	Marionette	WARN	Ignoring event 'pageshow' because document has an invalid readyState of 'uninitialized'.
console.warn: LoginRecipes: "Falling back to a synchronous message for: https://www.orbitxch.com."
